<html>
<body>
<pre>
<h1>µVision Build Log</h1>
<h2>Tool Versions:</h2>
IDE-Version: ¦ÌVision V5.42.0.0
Copyright (C) 2025 ARM Ltd and ARM Germany GmbH. All rights reserved.
License Information: drinker ., HITSZ, LIC=2TTQ1-CSQVV-AWE2F-6UCA2-5YISU-TIV4A
 
Tool Versions:
Toolchain:       MDK-ARM Professional  Version: 5.42.0.0
Toolchain Path:  D:\Keil_v5\ARM\ARMCOMPLIER506\Bin
C Compiler:      Armcc.exe V5.06 update 7 (build 960)
Assembler:       Armasm.exe V5.06 update 7 (build 960)
Linker/Locator:  ArmLink.exe V5.06 update 7 (build 960)
Library Manager: ArmAr.exe V5.06 update 7 (build 960)
Hex Converter:   FromElf.exe V5.06 update 7 (build 960)
CPU DLL:         SARMCM3.DLL V5.42.0.0
Dialog DLL:      DCM.DLL V1.17.5.0
Target DLL:      STLink\ST-LINKIII-KEIL_SWO.dll V3.3.0.0
Dialog DLL:      TCM.DLL V1.56.6.0
 
<h2>Project:</h2>
D:\Project\Real_Project\2025_QianCompitition\Project_code\2025_QianCompetition_GreenAwnDream\USER\WHEELTEC.uvprojx
Project File Date:  07/06/2025

<h2>Output:</h2>
*** Using Compiler 'V5.06 update 7 (build 960)', folder: 'D:\Keil_v5\ARM\ARMCOMPLIER506\Bin'
Build target 'FreeRTOS'
Clean started - Project: 'WHEELTEC'
   deleting intermediate output files for target 'FreeRTOS'
Clean done
compiling main.c...
compiling stm32f4xx_it.c...
compiling system_stm32f4xx.c...
compiling encoder.c...
compiling LED.C...
compiling oled.c...
compiling usartx.c...
compiling tracking.c...
compiling brushlessMotor.c...
compiling ESP8266.c...
..\HARDWARE\RGB.h(8): error:  #20: identifier "Modbus_Typedef" is undefined
  void RGB_SelectiveLight(Modbus_Typedef type);
..\HARDWARE\ESP8266.c(162): warning:  #940-D: missing return statement at end of non-void function "USART3_IRQHandler" 
  }
..\HARDWARE\ESP8266.c: 1 warning, 1 error
compiling RGB.c...
compiling Modbus.c...
..\HARDWARE\Modbus.c(43): error:  #101: "Voltage" has already been declared in the current scope
      Voltage      = 0x0000,  // µçÑ¹¼Ä´æÆ÷µØÖ·
..\HARDWARE\Modbus.c(260): error:  #147: declaration is incompatible with "int USART2_IRQHandler(void)"  (declared at line 70 of "..\HARDWARE\usartx.h")
  void USART2_IRQHandler(void) {
..\HARDWARE\Modbus.c(270): warning:  #223-D: function "PowerMeter_DataAnalyse" declared implicitly
              PowerMeter_DataAnalyse();
..\HARDWARE\Modbus.c(278): error:  #159: declaration is incompatible with previous "PowerMeter_DataAnalyse"  (declared at line 270)
  void PowerMeter_DataAnalyse(void) {
..\HARDWARE\Modbus.c: 1 warning, 3 errors
compiling delay.c...
compiling sys.c...
compiling usart.c...
assembling startup_stm32f40_41xxx.s...
compiling misc.c...
compiling stm32f4xx_gpio.c...
compiling stm32f4xx_rcc.c...
compiling stm32f4xx_syscfg.c...
compiling stm32f4xx_usart.c...
compiling stm32f4xx_adc.c...
compiling stm32f4xx_can.c...
compiling stm32f4xx_tim.c...
compiling stm32f4xx_pwr.c...
compiling stm32f4xx_crc.c...
compiling stm32f4xx_cryp.c...
compiling stm32f4xx_cryp_aes.c...
compiling stm32f4xx_cryp_des.c...
compiling stm32f4xx_cryp_tdes.c...
compiling stm32f4xx_dac.c...
compiling stm32f4xx_dbgmcu.c...
compiling stm32f4xx_dcmi.c...
compiling stm32f4xx_dma.c...
compiling stm32f4xx_dma2d.c...
compiling stm32f4xx_exti.c...
compiling stm32f4xx_flash.c...
compiling stm32f4xx_flash_ramfunc.c...
compiling stm32f4xx_fsmc.c...
compiling stm32f4xx_hash.c...
compiling stm32f4xx_hash_md5.c...
compiling stm32f4xx_hash_sha1.c...
compiling stm32f4xx_i2c.c...
compiling stm32f4xx_iwdg.c...
compiling stm32f4xx_ltdc.c...
compiling stm32f4xx_rng.c...
compiling stm32f4xx_rtc.c...
compiling stm32f4xx_sdio.c...
compiling stm32f4xx_sai.c...
compiling stm32f4xx_spi.c...
compiling stm32f4xx_wwdg.c...
compiling croutine.c...
compiling event_groups.c...
compiling list.c...
compiling queue.c...
compiling tasks.c...
compiling timers.c...
compiling port.c...
compiling heap_4.c...
compiling system.c...
compiling balance.c...
..\BALANCE\balance.c(63): warning:  #177-D: variable "last_error"  was declared but never referenced
        float last_error = 0;//Æ«²î
..\BALANCE\balance.c(647): warning:  #177-D: variable "Encoder_C_pr"  was declared but never referenced
                float Encoder_A_pr,Encoder_B_pr,Encoder_C_pr,Encoder_D_pr; 
..\BALANCE\balance.c(647): warning:  #177-D: variable "Encoder_D_pr"  was declared but never referenced
                float Encoder_A_pr,Encoder_B_pr,Encoder_C_pr,Encoder_D_pr; 
..\BALANCE\balance.c: 3 warnings, 0 errors
compiling robot_select_init.c...
compiling show.c...
"..\OBJ\WHEELTEC.axf" - 4 Error(s), 5 Warning(s).

*** Performing Cross-Module-Optimization:
*** Feedback file '..\OBJ\WHEELTEC.fed' not found.

<h2>Software Packages used:</h2>

Package Vendor: Keil
                https://www.keil.com/pack/Keil.STM32F4xx_DFP.3.0.0.pack
                Keil::STM32F4xx_DFP@3.0.0
                STMicroelectronics STM32F4 Series Device Support

<h2>Collection of Component include folders:</h2>

<h2>Collection of Component Files used:</h2>
Target not created.
Build Time Elapsed:  00:00:33
</pre>
</body>
</html>
